<?xml version="1.0" encoding="UTF-8"?>
<coverage generated="1707943352881" clover="3.2.0">
  <project timestamp="1707943352881" name="All files">
    <metrics statements="81" coveredstatements="81" conditionals="19" coveredconditionals="19" methods="6" coveredmethods="6" elements="106" coveredelements="106" complexity="0" loc="81" ncloc="81" packages="1" files="5" classes="5"/>
    <file name="StrictContext.tsx" path="/home/museless/git/strict-dict/src/StrictContext.tsx">
      <metrics statements="4" coveredstatements="4" conditionals="0" coveredconditionals="0" methods="0" coveredmethods="0"/>
      <line num="1" count="1" type="stmt"/>
      <line num="2" count="1" type="stmt"/>
      <line num="3" count="1" type="stmt"/>
      <line num="4" count="1" type="stmt"/>
    </file>
    <file name="StrictDict.ts" path="/home/museless/git/strict-dict/src/StrictDict.ts">
      <metrics statements="50" coveredstatements="50" conditionals="14" coveredconditionals="14" methods="3" coveredmethods="3"/>
      <line num="1" count="1" type="stmt"/>
      <line num="2" count="1" type="stmt"/>
      <line num="3" count="1" type="stmt"/>
      <line num="4" count="1" type="stmt"/>
      <line num="5" count="1" type="stmt"/>
      <line num="6" count="1" type="stmt"/>
      <line num="7" count="1" type="stmt"/>
      <line num="8" count="1" type="stmt"/>
      <line num="9" count="1" type="cond" truecount="1" falsecount="0"/>
      <line num="10" count="116" type="stmt"/>
      <line num="11" count="116" type="stmt"/>
      <line num="12" count="116" type="stmt"/>
      <line num="13" count="116" type="stmt"/>
      <line num="14" count="116" type="cond" truecount="1" falsecount="0"/>
      <line num="15" count="18" type="stmt"/>
      <line num="16" count="18" type="cond" truecount="1" falsecount="0"/>
      <line num="17" count="98" type="stmt"/>
      <line num="18" count="116" type="cond" truecount="1" falsecount="0"/>
      <line num="19" count="2" type="stmt"/>
      <line num="20" count="2" type="cond" truecount="1" falsecount="0"/>
      <line num="21" count="96" type="stmt"/>
      <line num="22" count="116" type="cond" truecount="2" falsecount="0"/>
      <line num="23" count="88" type="stmt"/>
      <line num="24" count="88" type="cond" truecount="1" falsecount="0"/>
      <line num="25" count="8" type="stmt"/>
      <line num="26" count="8" type="stmt"/>
      <line num="27" count="116" type="cond" truecount="1" falsecount="0"/>
      <line num="28" count="4" type="stmt"/>
      <line num="29" count="4" type="stmt"/>
      <line num="30" count="4" type="stmt"/>
      <line num="31" count="4" type="stmt"/>
      <line num="32" count="4" type="stmt"/>
      <line num="33" count="4" type="stmt"/>
      <line num="34" count="4" type="stmt"/>
      <line num="35" count="4" type="cond" truecount="1" falsecount="0"/>
      <line num="36" count="8" type="stmt"/>
      <line num="37" count="8" type="stmt"/>
      <line num="38" count="1" type="stmt"/>
      <line num="39" count="1" type="cond" truecount="1" falsecount="0"/>
      <line num="40" count="8" type="cond" truecount="1" falsecount="0"/>
      <line num="41" count="116" type="stmt"/>
      <line num="42" count="8" type="stmt"/>
      <line num="43" count="8" type="cond" truecount="1" falsecount="0"/>
      <line num="44" count="4" type="stmt"/>
      <line num="45" count="4" type="cond" truecount="1" falsecount="0"/>
      <line num="46" count="4" type="stmt"/>
      <line num="47" count="4" type="stmt"/>
      <line num="48" count="4" type="stmt"/>
      <line num="49" count="4" type="stmt"/>
      <line num="50" count="4" type="stmt"/>
    </file>
    <file name="keyStore.ts" path="/home/museless/git/strict-dict/src/keyStore.ts">
      <metrics statements="7" coveredstatements="7" conditionals="1" coveredconditionals="1" methods="1" coveredmethods="1"/>
      <line num="1" count="1" type="stmt"/>
      <line num="2" count="1" type="stmt"/>
      <line num="3" count="1" type="stmt"/>
      <line num="4" count="1" type="cond" truecount="1" falsecount="0"/>
      <line num="5" count="1" type="stmt"/>
      <line num="6" count="1" type="stmt"/>
      <line num="7" count="1" type="stmt"/>
    </file>
    <file name="useKeyStore.ts" path="/home/museless/git/strict-dict/src/useKeyStore.ts">
      <metrics statements="11" coveredstatements="11" conditionals="2" coveredconditionals="2" methods="1" coveredmethods="1"/>
      <line num="1" count="1" type="stmt"/>
      <line num="2" count="1" type="stmt"/>
      <line num="3" count="1" type="stmt"/>
      <line num="4" count="1" type="stmt"/>
      <line num="5" count="1" type="stmt"/>
      <line num="6" count="1" type="stmt"/>
      <line num="7" count="1" type="stmt"/>
      <line num="8" count="1" type="cond" truecount="1" falsecount="0"/>
      <line num="9" count="1" type="stmt"/>
      <line num="10" count="1" type="cond" truecount="1" falsecount="0"/>
      <line num="11" count="1" type="stmt"/>
    </file>
    <file name="useStrictDict.ts" path="/home/museless/git/strict-dict/src/useStrictDict.ts">
      <metrics statements="9" coveredstatements="9" conditionals="2" coveredconditionals="2" methods="1" coveredmethods="1"/>
      <line num="1" count="1" type="stmt"/>
      <line num="2" count="1" type="stmt"/>
      <line num="3" count="1" type="stmt"/>
      <line num="4" count="1" type="stmt"/>
      <line num="5" count="1" type="stmt"/>
      <line num="6" count="1" type="cond" truecount="1" falsecount="0"/>
      <line num="7" count="1" type="stmt"/>
      <line num="8" count="1" type="cond" truecount="1" falsecount="0"/>
      <line num="9" count="1" type="stmt"/>
    </file>
  </project>
</coverage>
