{"/home/museless/git/strict-dict/src/StrictContext.tsx": {"path":"/home/museless/git/strict-dict/src/StrictContext.tsx","all":false,"statementMap":{"0":{"start":{"line":1,"column":0},"end":{"line":1,"column":26}},"1":{"start":{"line":2,"column":0},"end":{"line":2,"column":0}},"2":{"start":{"line":3,"column":0},"end":{"line":3,"column":46}},"3":{"start":{"line":4,"column":0},"end":{"line":4,"column":29}}},"s":{"0":1,"1":1,"2":1,"3":1},"branchMap":{},"b":{},"fnMap":{},"f":{}}
,"/home/museless/git/strict-dict/src/StrictDict.ts": {"path":"/home/museless/git/strict-dict/src/StrictDict.ts","all":false,"statementMap":{"0":{"start":{"line":1,"column":0},"end":{"line":1,"column":8}},"1":{"start":{"line":2,"column":0},"end":{"line":2,"column":15}},"2":{"start":{"line":3,"column":0},"end":{"line":3,"column":14}},"3":{"start":{"line":4,"column":0},"end":{"line":4,"column":12}},"4":{"start":{"line":5,"column":0},"end":{"line":5,"column":15}},"5":{"start":{"line":6,"column":0},"end":{"line":6,"column":15}},"6":{"start":{"line":7,"column":0},"end":{"line":7,"column":17}},"7":{"start":{"line":8,"column":0},"end":{"line":8,"column":0}},"8":{"start":{"line":9,"column":0},"end":{"line":9,"column":19}},"9":{"start":{"line":10,"column":0},"end":{"line":10,"column":23}},"10":{"start":{"line":11,"column":0},"end":{"line":11,"column":17}},"11":{"start":{"line":12,"column":0},"end":{"line":12,"column":28}},"12":{"start":{"line":13,"column":0},"end":{"line":13,"column":19}},"13":{"start":{"line":14,"column":0},"end":{"line":14,"column":35}},"14":{"start":{"line":15,"column":0},"end":{"line":15,"column":18}},"15":{"start":{"line":16,"column":0},"end":{"line":16,"column":3}},"16":{"start":{"line":17,"column":0},"end":{"line":17,"column":0}},"17":{"start":{"line":18,"column":0},"end":{"line":18,"column":27}},"18":{"start":{"line":19,"column":0},"end":{"line":19,"column":25}},"19":{"start":{"line":20,"column":0},"end":{"line":20,"column":3}},"20":{"start":{"line":21,"column":0},"end":{"line":21,"column":0}},"21":{"start":{"line":22,"column":0},"end":{"line":22,"column":50}},"22":{"start":{"line":23,"column":0},"end":{"line":23,"column":23}},"23":{"start":{"line":24,"column":0},"end":{"line":24,"column":3}},"24":{"start":{"line":25,"column":0},"end":{"line":25,"column":0}},"25":{"start":{"line":26,"column":0},"end":{"line":26,"column":45}},"26":{"start":{"line":27,"column":0},"end":{"line":27,"column":42}},"27":{"start":{"line":28,"column":0},"end":{"line":28,"column":33}},"28":{"start":{"line":29,"column":0},"end":{"line":29,"column":3}},"29":{"start":{"line":30,"column":0},"end":{"line":30,"column":8}},"30":{"start":{"line":31,"column":0},"end":{"line":31,"column":32}},"31":{"start":{"line":32,"column":0},"end":{"line":32,"column":35}},"32":{"start":{"line":33,"column":0},"end":{"line":33,"column":60}},"33":{"start":{"line":34,"column":0},"end":{"line":34,"column":27}},"34":{"start":{"line":35,"column":0},"end":{"line":35,"column":3}},"35":{"start":{"line":36,"column":0},"end":{"line":36,"column":19}},"36":{"start":{"line":37,"column":0},"end":{"line":37,"column":2}},"37":{"start":{"line":38,"column":0},"end":{"line":38,"column":0}},"38":{"start":{"line":39,"column":0},"end":{"line":39,"column":53}},"39":{"start":{"line":40,"column":0},"end":{"line":40,"column":56}},"40":{"start":{"line":41,"column":0},"end":{"line":41,"column":36}},"41":{"start":{"line":42,"column":0},"end":{"line":42,"column":0}},"42":{"start":{"line":43,"column":0},"end":{"line":43,"column":28}},"43":{"start":{"line":44,"column":0},"end":{"line":44,"column":21}},"44":{"start":{"line":45,"column":0},"end":{"line":45,"column":65}},"45":{"start":{"line":46,"column":0},"end":{"line":46,"column":14}},"46":{"start":{"line":47,"column":0},"end":{"line":47,"column":6}},"47":{"start":{"line":48,"column":0},"end":{"line":48,"column":3}},"48":{"start":{"line":49,"column":0},"end":{"line":49,"column":34}},"49":{"start":{"line":50,"column":0},"end":{"line":50,"column":2}}},"s":{"0":1,"1":1,"2":1,"3":1,"4":1,"5":1,"6":1,"7":1,"8":1,"9":116,"10":116,"11":116,"12":116,"13":116,"14":18,"15":18,"16":98,"17":116,"18":2,"19":2,"20":96,"21":116,"22":88,"23":88,"24":8,"25":8,"26":116,"27":4,"28":4,"29":4,"30":4,"31":4,"32":4,"33":4,"34":4,"35":8,"36":8,"37":1,"38":1,"39":8,"40":116,"41":8,"42":8,"43":4,"44":4,"45":4,"46":4,"47":4,"48":4,"49":4},"branchMap":{"0":{"type":"branch","line":9,"loc":{"start":{"line":9,"column":18},"end":{"line":37,"column":2}},"locations":[{"start":{"line":9,"column":18},"end":{"line":37,"column":2}}]},"1":{"type":"branch","line":14,"loc":{"start":{"line":14,"column":34},"end":{"line":16,"column":3}},"locations":[{"start":{"line":14,"column":34},"end":{"line":16,"column":3}}]},"2":{"type":"branch","line":16,"loc":{"start":{"line":16,"column":2},"end":{"line":18,"column":26}},"locations":[{"start":{"line":16,"column":2},"end":{"line":18,"column":26}}]},"3":{"type":"branch","line":18,"loc":{"start":{"line":18,"column":26},"end":{"line":20,"column":3}},"locations":[{"start":{"line":18,"column":26},"end":{"line":20,"column":3}}]},"4":{"type":"branch","line":20,"loc":{"start":{"line":20,"column":2},"end":{"line":22,"column":23}},"locations":[{"start":{"line":20,"column":2},"end":{"line":22,"column":23}}]},"5":{"type":"branch","line":22,"loc":{"start":{"line":22,"column":13},"end":{"line":22,"column":49}},"locations":[{"start":{"line":22,"column":13},"end":{"line":22,"column":49}}]},"6":{"type":"branch","line":22,"loc":{"start":{"line":22,"column":49},"end":{"line":24,"column":3}},"locations":[{"start":{"line":22,"column":49},"end":{"line":24,"column":3}}]},"7":{"type":"branch","line":24,"loc":{"start":{"line":24,"column":2},"end":{"line":27,"column":41}},"locations":[{"start":{"line":24,"column":2},"end":{"line":27,"column":41}}]},"8":{"type":"branch","line":27,"loc":{"start":{"line":27,"column":41},"end":{"line":35,"column":3}},"locations":[{"start":{"line":27,"column":41},"end":{"line":35,"column":3}}]},"9":{"type":"branch","line":35,"loc":{"start":{"line":35,"column":2},"end":{"line":37,"column":2}},"locations":[{"start":{"line":35,"column":2},"end":{"line":37,"column":2}}]},"10":{"type":"branch","line":39,"loc":{"start":{"line":39,"column":15},"end":{"line":50,"column":2}},"locations":[{"start":{"line":39,"column":15},"end":{"line":50,"column":2}}]},"11":{"type":"branch","line":43,"loc":{"start":{"line":43,"column":27},"end":{"line":50,"column":2}},"locations":[{"start":{"line":43,"column":27},"end":{"line":50,"column":2}}]},"12":{"type":"branch","line":40,"loc":{"start":{"line":40,"column":14},"end":{"line":41,"column":36}},"locations":[{"start":{"line":40,"column":14},"end":{"line":41,"column":36}}]},"13":{"type":"branch","line":45,"loc":{"start":{"line":45,"column":18},"end":{"line":45,"column":61}},"locations":[{"start":{"line":45,"column":18},"end":{"line":45,"column":61}}]}},"b":{"0":[116],"1":[18],"2":[98],"3":[2],"4":[96],"5":[8],"6":[88],"7":[8],"8":[4],"9":[8],"10":[8],"11":[4],"12":[116],"13":[8]},"fnMap":{"0":{"name":"strictGet","decl":{"start":{"line":9,"column":18},"end":{"line":37,"column":2}},"loc":{"start":{"line":9,"column":18},"end":{"line":37,"column":2}},"line":9},"1":{"name":"__vite_ssr_exports__.default","decl":{"start":{"line":39,"column":15},"end":{"line":50,"column":2}},"loc":{"start":{"line":39,"column":15},"end":{"line":50,"column":2}},"line":39},"2":{"name":"get","decl":{"start":{"line":40,"column":14},"end":{"line":41,"column":36}},"loc":{"start":{"line":40,"column":14},"end":{"line":41,"column":36}},"line":40}},"f":{"0":116,"1":8,"2":116}}
,"/home/museless/git/strict-dict/src/keyStore.ts": {"path":"/home/museless/git/strict-dict/src/keyStore.ts","all":false,"statementMap":{"0":{"start":{"line":1,"column":0},"end":{"line":1,"column":38}},"1":{"start":{"line":2,"column":0},"end":{"line":2,"column":53}},"2":{"start":{"line":3,"column":0},"end":{"line":3,"column":0}},"3":{"start":{"line":4,"column":0},"end":{"line":4,"column":16}},"4":{"start":{"line":5,"column":0},"end":{"line":5,"column":27}},"5":{"start":{"line":6,"column":0},"end":{"line":6,"column":27}},"6":{"start":{"line":7,"column":0},"end":{"line":7,"column":49}}},"s":{"0":1,"1":1,"2":1,"3":1,"4":1,"5":1,"6":1},"branchMap":{"0":{"type":"branch","line":4,"loc":{"start":{"line":4,"column":15},"end":{"line":7,"column":47}},"locations":[{"start":{"line":4,"column":15},"end":{"line":7,"column":47}}]}},"b":{"0":[1]},"fnMap":{"0":{"name":"__vite_ssr_exports__.default","decl":{"start":{"line":4,"column":15},"end":{"line":7,"column":47}},"loc":{"start":{"line":4,"column":15},"end":{"line":7,"column":47}},"line":4}},"f":{"0":1}}
,"/home/museless/git/strict-dict/src/useKeyStore.ts": {"path":"/home/museless/git/strict-dict/src/useKeyStore.ts","all":false,"statementMap":{"0":{"start":{"line":1,"column":0},"end":{"line":1,"column":26}},"1":{"start":{"line":2,"column":0},"end":{"line":2,"column":0}},"2":{"start":{"line":3,"column":0},"end":{"line":3,"column":44}},"3":{"start":{"line":4,"column":0},"end":{"line":4,"column":34}},"4":{"start":{"line":5,"column":0},"end":{"line":5,"column":0}},"5":{"start":{"line":6,"column":0},"end":{"line":6,"column":39}},"6":{"start":{"line":7,"column":0},"end":{"line":7,"column":0}},"7":{"start":{"line":8,"column":0},"end":{"line":8,"column":22}},"8":{"start":{"line":9,"column":0},"end":{"line":9,"column":49}},"9":{"start":{"line":10,"column":0},"end":{"line":10,"column":68}},"10":{"start":{"line":11,"column":0},"end":{"line":11,"column":2}}},"s":{"0":1,"1":1,"2":1,"3":1,"4":1,"5":1,"6":1,"7":1,"8":1,"9":1,"10":1},"branchMap":{"0":{"type":"branch","line":8,"loc":{"start":{"line":8,"column":15},"end":{"line":11,"column":2}},"locations":[{"start":{"line":8,"column":15},"end":{"line":11,"column":2}}]},"1":{"type":"branch","line":10,"loc":{"start":{"line":10,"column":9},"end":{"line":10,"column":68}},"locations":[{"start":{"line":10,"column":9},"end":{"line":10,"column":68}}]}},"b":{"0":[1],"1":[1]},"fnMap":{"0":{"name":"__vite_ssr_exports__.default","decl":{"start":{"line":8,"column":15},"end":{"line":11,"column":2}},"loc":{"start":{"line":8,"column":15},"end":{"line":11,"column":2}},"line":8}},"f":{"0":1}}
,"/home/museless/git/strict-dict/src/useStrictDict.ts": {"path":"/home/museless/git/strict-dict/src/useStrictDict.ts","all":false,"statementMap":{"0":{"start":{"line":1,"column":0},"end":{"line":1,"column":26}},"1":{"start":{"line":2,"column":0},"end":{"line":2,"column":44}},"2":{"start":{"line":3,"column":0},"end":{"line":3,"column":39}},"3":{"start":{"line":4,"column":0},"end":{"line":4,"column":38}},"4":{"start":{"line":5,"column":0},"end":{"line":5,"column":0}},"5":{"start":{"line":6,"column":0},"end":{"line":6,"column":22}},"6":{"start":{"line":7,"column":0},"end":{"line":7,"column":49}},"7":{"start":{"line":8,"column":0},"end":{"line":8,"column":58}},"8":{"start":{"line":9,"column":0},"end":{"line":9,"column":2}}},"s":{"0":1,"1":1,"2":1,"3":1,"4":1,"5":1,"6":1,"7":1,"8":1},"branchMap":{"0":{"type":"branch","line":6,"loc":{"start":{"line":6,"column":15},"end":{"line":9,"column":2}},"locations":[{"start":{"line":6,"column":15},"end":{"line":9,"column":2}}]},"1":{"type":"branch","line":8,"loc":{"start":{"line":8,"column":9},"end":{"line":8,"column":58}},"locations":[{"start":{"line":8,"column":9},"end":{"line":8,"column":58}}]}},"b":{"0":[1],"1":[1]},"fnMap":{"0":{"name":"__vite_ssr_exports__.default","decl":{"start":{"line":6,"column":15},"end":{"line":9,"column":2}},"loc":{"start":{"line":6,"column":15},"end":{"line":9,"column":2}},"line":6}},"f":{"0":1}}
}
