{"/home/museless/git/strict-dict/src/StrictContext.tsx": {"path":"/home/museless/git/strict-dict/src/StrictContext.tsx","all":false,"statementMap":{"0":{"start":{"line":1,"column":0},"end":{"line":1,"column":31}},"1":{"start":{"line":2,"column":0},"end":{"line":2,"column":39}},"2":{"start":{"line":3,"column":0},"end":{"line":3,"column":0}},"3":{"start":{"line":4,"column":0},"end":{"line":4,"column":3}},"4":{"start":{"line":5,"column":0},"end":{"line":5,"column":82}},"5":{"start":{"line":6,"column":0},"end":{"line":6,"column":84}},"6":{"start":{"line":7,"column":0},"end":{"line":7,"column":3}},"7":{"start":{"line":8,"column":0},"end":{"line":8,"column":60}},"8":{"start":{"line":9,"column":0},"end":{"line":9,"column":29}}},"s":{"0":1,"1":1,"2":1,"3":1,"4":1,"5":1,"6":1,"7":1,"8":1},"branchMap":{},"b":{},"fnMap":{},"f":{}}
,"/home/museless/git/strict-dict/src/StrictDict.ts": {"path":"/home/museless/git/strict-dict/src/StrictDict.ts","all":false,"statementMap":{"0":{"start":{"line":1,"column":0},"end":{"line":1,"column":8}},"1":{"start":{"line":2,"column":0},"end":{"line":2,"column":15}},"2":{"start":{"line":3,"column":0},"end":{"line":3,"column":14}},"3":{"start":{"line":4,"column":0},"end":{"line":4,"column":12}},"4":{"start":{"line":5,"column":0},"end":{"line":5,"column":15}},"5":{"start":{"line":6,"column":0},"end":{"line":6,"column":15}},"6":{"start":{"line":7,"column":0},"end":{"line":7,"column":15}},"7":{"start":{"line":8,"column":0},"end":{"line":8,"column":17}},"8":{"start":{"line":9,"column":0},"end":{"line":9,"column":0}},"9":{"start":{"line":10,"column":0},"end":{"line":10,"column":19}},"10":{"start":{"line":11,"column":0},"end":{"line":11,"column":23}},"11":{"start":{"line":12,"column":0},"end":{"line":12,"column":17}},"12":{"start":{"line":13,"column":0},"end":{"line":13,"column":28}},"13":{"start":{"line":14,"column":0},"end":{"line":14,"column":19}},"14":{"start":{"line":15,"column":0},"end":{"line":15,"column":35}},"15":{"start":{"line":16,"column":0},"end":{"line":16,"column":18}},"16":{"start":{"line":17,"column":0},"end":{"line":17,"column":3}},"17":{"start":{"line":18,"column":0},"end":{"line":18,"column":0}},"18":{"start":{"line":19,"column":0},"end":{"line":19,"column":27}},"19":{"start":{"line":20,"column":0},"end":{"line":20,"column":25}},"20":{"start":{"line":21,"column":0},"end":{"line":21,"column":3}},"21":{"start":{"line":22,"column":0},"end":{"line":22,"column":0}},"22":{"start":{"line":23,"column":0},"end":{"line":23,"column":50}},"23":{"start":{"line":24,"column":0},"end":{"line":24,"column":23}},"24":{"start":{"line":25,"column":0},"end":{"line":25,"column":3}},"25":{"start":{"line":26,"column":0},"end":{"line":26,"column":0}},"26":{"start":{"line":27,"column":0},"end":{"line":27,"column":45}},"27":{"start":{"line":28,"column":0},"end":{"line":28,"column":42}},"28":{"start":{"line":29,"column":0},"end":{"line":29,"column":33}},"29":{"start":{"line":30,"column":0},"end":{"line":30,"column":3}},"30":{"start":{"line":31,"column":0},"end":{"line":31,"column":8}},"31":{"start":{"line":32,"column":0},"end":{"line":32,"column":32}},"32":{"start":{"line":33,"column":0},"end":{"line":33,"column":35}},"33":{"start":{"line":34,"column":0},"end":{"line":34,"column":60}},"34":{"start":{"line":35,"column":0},"end":{"line":35,"column":27}},"35":{"start":{"line":36,"column":0},"end":{"line":36,"column":3}},"36":{"start":{"line":37,"column":0},"end":{"line":37,"column":19}},"37":{"start":{"line":38,"column":0},"end":{"line":38,"column":2}},"38":{"start":{"line":39,"column":0},"end":{"line":39,"column":0}},"39":{"start":{"line":40,"column":0},"end":{"line":40,"column":3}},"40":{"start":{"line":41,"column":0},"end":{"line":41,"column":22}},"41":{"start":{"line":42,"column":0},"end":{"line":42,"column":84}},"42":{"start":{"line":43,"column":0},"end":{"line":43,"column":49}},"43":{"start":{"line":44,"column":0},"end":{"line":44,"column":3}},"44":{"start":{"line":45,"column":0},"end":{"line":45,"column":16}},"45":{"start":{"line":46,"column":0},"end":{"line":46,"column":32}},"46":{"start":{"line":47,"column":0},"end":{"line":47,"column":21}},"47":{"start":{"line":48,"column":0},"end":{"line":48,"column":39}},"48":{"start":{"line":49,"column":0},"end":{"line":49,"column":27}},"49":{"start":{"line":50,"column":0},"end":{"line":50,"column":20}},"50":{"start":{"line":51,"column":0},"end":{"line":51,"column":56}},"51":{"start":{"line":52,"column":0},"end":{"line":52,"column":36}},"52":{"start":{"line":53,"column":0},"end":{"line":53,"column":0}},"53":{"start":{"line":54,"column":0},"end":{"line":54,"column":28}},"54":{"start":{"line":55,"column":0},"end":{"line":55,"column":21}},"55":{"start":{"line":56,"column":0},"end":{"line":56,"column":65}},"56":{"start":{"line":57,"column":0},"end":{"line":57,"column":14}},"57":{"start":{"line":58,"column":0},"end":{"line":58,"column":6}},"58":{"start":{"line":59,"column":0},"end":{"line":59,"column":3}},"59":{"start":{"line":60,"column":0},"end":{"line":60,"column":34}},"60":{"start":{"line":61,"column":0},"end":{"line":61,"column":2}}},"s":{"0":1,"1":1,"2":1,"3":1,"4":1,"5":1,"6":1,"7":1,"8":1,"9":1,"10":116,"11":116,"12":116,"13":116,"14":116,"15":18,"16":18,"17":98,"18":116,"19":2,"20":2,"21":96,"22":116,"23":88,"24":88,"25":8,"26":8,"27":116,"28":4,"29":4,"30":4,"31":4,"32":4,"33":4,"34":4,"35":4,"36":8,"37":8,"38":1,"39":1,"40":1,"41":1,"42":1,"43":1,"44":1,"45":8,"46":8,"47":8,"48":8,"49":8,"50":8,"51":116,"52":8,"53":8,"54":4,"55":4,"56":4,"57":4,"58":4,"59":4,"60":4},"branchMap":{"0":{"type":"branch","line":10,"loc":{"start":{"line":10,"column":18},"end":{"line":38,"column":2}},"locations":[{"start":{"line":10,"column":18},"end":{"line":38,"column":2}}]},"1":{"type":"branch","line":15,"loc":{"start":{"line":15,"column":34},"end":{"line":17,"column":3}},"locations":[{"start":{"line":15,"column":34},"end":{"line":17,"column":3}}]},"2":{"type":"branch","line":17,"loc":{"start":{"line":17,"column":2},"end":{"line":19,"column":26}},"locations":[{"start":{"line":17,"column":2},"end":{"line":19,"column":26}}]},"3":{"type":"branch","line":19,"loc":{"start":{"line":19,"column":26},"end":{"line":21,"column":3}},"locations":[{"start":{"line":19,"column":26},"end":{"line":21,"column":3}}]},"4":{"type":"branch","line":21,"loc":{"start":{"line":21,"column":2},"end":{"line":23,"column":23}},"locations":[{"start":{"line":21,"column":2},"end":{"line":23,"column":23}}]},"5":{"type":"branch","line":23,"loc":{"start":{"line":23,"column":13},"end":{"line":23,"column":49}},"locations":[{"start":{"line":23,"column":13},"end":{"line":23,"column":49}}]},"6":{"type":"branch","line":23,"loc":{"start":{"line":23,"column":49},"end":{"line":25,"column":3}},"locations":[{"start":{"line":23,"column":49},"end":{"line":25,"column":3}}]},"7":{"type":"branch","line":25,"loc":{"start":{"line":25,"column":2},"end":{"line":28,"column":41}},"locations":[{"start":{"line":25,"column":2},"end":{"line":28,"column":41}}]},"8":{"type":"branch","line":28,"loc":{"start":{"line":28,"column":41},"end":{"line":36,"column":3}},"locations":[{"start":{"line":28,"column":41},"end":{"line":36,"column":3}}]},"9":{"type":"branch","line":36,"loc":{"start":{"line":36,"column":2},"end":{"line":38,"column":2}},"locations":[{"start":{"line":36,"column":2},"end":{"line":38,"column":2}}]},"10":{"type":"branch","line":45,"loc":{"start":{"line":45,"column":15},"end":{"line":61,"column":2}},"locations":[{"start":{"line":45,"column":15},"end":{"line":61,"column":2}}]},"11":{"type":"branch","line":54,"loc":{"start":{"line":54,"column":27},"end":{"line":61,"column":2}},"locations":[{"start":{"line":54,"column":27},"end":{"line":61,"column":2}}]},"12":{"type":"branch","line":51,"loc":{"start":{"line":51,"column":14},"end":{"line":52,"column":36}},"locations":[{"start":{"line":51,"column":14},"end":{"line":52,"column":36}}]},"13":{"type":"branch","line":56,"loc":{"start":{"line":56,"column":18},"end":{"line":56,"column":61}},"locations":[{"start":{"line":56,"column":18},"end":{"line":56,"column":61}}]}},"b":{"0":[116],"1":[18],"2":[98],"3":[2],"4":[96],"5":[8],"6":[88],"7":[8],"8":[4],"9":[8],"10":[8],"11":[4],"12":[116],"13":[8]},"fnMap":{"0":{"name":"strictGet","decl":{"start":{"line":10,"column":18},"end":{"line":38,"column":2}},"loc":{"start":{"line":10,"column":18},"end":{"line":38,"column":2}},"line":10},"1":{"name":"__vite_ssr_exports__.default","decl":{"start":{"line":45,"column":15},"end":{"line":61,"column":2}},"loc":{"start":{"line":45,"column":15},"end":{"line":61,"column":2}},"line":45},"2":{"name":"get","decl":{"start":{"line":51,"column":14},"end":{"line":52,"column":36}},"loc":{"start":{"line":51,"column":14},"end":{"line":52,"column":36}},"line":51}},"f":{"0":116,"1":8,"2":116}}
,"/home/museless/git/strict-dict/src/keyStore.ts": {"path":"/home/museless/git/strict-dict/src/keyStore.ts","all":false,"statementMap":{"0":{"start":{"line":1,"column":0},"end":{"line":1,"column":38}},"1":{"start":{"line":2,"column":0},"end":{"line":2,"column":8}},"2":{"start":{"line":3,"column":0},"end":{"line":3,"column":15}},"3":{"start":{"line":4,"column":0},"end":{"line":4,"column":15}},"4":{"start":{"line":5,"column":0},"end":{"line":5,"column":15}},"5":{"start":{"line":6,"column":0},"end":{"line":6,"column":17}},"6":{"start":{"line":7,"column":0},"end":{"line":7,"column":0}},"7":{"start":{"line":8,"column":0},"end":{"line":8,"column":3}},"8":{"start":{"line":9,"column":0},"end":{"line":9,"column":20}},"9":{"start":{"line":10,"column":0},"end":{"line":10,"column":79}},"10":{"start":{"line":11,"column":0},"end":{"line":11,"column":3}},"11":{"start":{"line":12,"column":0},"end":{"line":12,"column":16}},"12":{"start":{"line":13,"column":0},"end":{"line":13,"column":45}},"13":{"start":{"line":14,"column":0},"end":{"line":14,"column":27}},"14":{"start":{"line":15,"column":0},"end":{"line":15,"column":39}},"15":{"start":{"line":16,"column":0},"end":{"line":16,"column":27}},"16":{"start":{"line":17,"column":0},"end":{"line":17,"column":63}}},"s":{"0":1,"1":1,"2":1,"3":1,"4":1,"5":1,"6":1,"7":1,"8":1,"9":1,"10":1,"11":1,"12":1,"13":1,"14":1,"15":1,"16":1},"branchMap":{"0":{"type":"branch","line":12,"loc":{"start":{"line":12,"column":15},"end":{"line":17,"column":61}},"locations":[{"start":{"line":12,"column":15},"end":{"line":17,"column":61}}]}},"b":{"0":[1]},"fnMap":{"0":{"name":"__vite_ssr_exports__.default","decl":{"start":{"line":12,"column":15},"end":{"line":17,"column":61}},"loc":{"start":{"line":12,"column":15},"end":{"line":17,"column":61}},"line":12}},"f":{"0":1}}
,"/home/museless/git/strict-dict/src/useKeyStore.ts": {"path":"/home/museless/git/strict-dict/src/useKeyStore.ts","all":false,"statementMap":{"0":{"start":{"line":1,"column":0},"end":{"line":1,"column":31}},"1":{"start":{"line":2,"column":0},"end":{"line":2,"column":0}},"2":{"start":{"line":3,"column":0},"end":{"line":3,"column":44}},"3":{"start":{"line":4,"column":0},"end":{"line":4,"column":34}},"4":{"start":{"line":5,"column":0},"end":{"line":5,"column":0}},"5":{"start":{"line":6,"column":0},"end":{"line":6,"column":39}},"6":{"start":{"line":7,"column":0},"end":{"line":7,"column":0}},"7":{"start":{"line":8,"column":0},"end":{"line":8,"column":3}},"8":{"start":{"line":9,"column":0},"end":{"line":9,"column":87}},"9":{"start":{"line":10,"column":0},"end":{"line":10,"column":34}},"10":{"start":{"line":11,"column":0},"end":{"line":11,"column":87}},"11":{"start":{"line":12,"column":0},"end":{"line":12,"column":3}},"12":{"start":{"line":13,"column":0},"end":{"line":13,"column":22}},"13":{"start":{"line":14,"column":0},"end":{"line":14,"column":49}},"14":{"start":{"line":15,"column":0},"end":{"line":15,"column":68}},"15":{"start":{"line":16,"column":0},"end":{"line":16,"column":2}}},"s":{"0":1,"1":1,"2":1,"3":1,"4":1,"5":1,"6":1,"7":1,"8":1,"9":1,"10":1,"11":1,"12":1,"13":1,"14":1,"15":1},"branchMap":{"0":{"type":"branch","line":13,"loc":{"start":{"line":13,"column":15},"end":{"line":16,"column":2}},"locations":[{"start":{"line":13,"column":15},"end":{"line":16,"column":2}}]},"1":{"type":"branch","line":15,"loc":{"start":{"line":15,"column":9},"end":{"line":15,"column":68}},"locations":[{"start":{"line":15,"column":9},"end":{"line":15,"column":68}}]}},"b":{"0":[1],"1":[1]},"fnMap":{"0":{"name":"__vite_ssr_exports__.default","decl":{"start":{"line":13,"column":15},"end":{"line":16,"column":2}},"loc":{"start":{"line":13,"column":15},"end":{"line":16,"column":2}},"line":13}},"f":{"0":1}}
,"/home/museless/git/strict-dict/src/useStrictDict.ts": {"path":"/home/museless/git/strict-dict/src/useStrictDict.ts","all":false,"statementMap":{"0":{"start":{"line":1,"column":0},"end":{"line":1,"column":31}},"1":{"start":{"line":2,"column":0},"end":{"line":2,"column":44}},"2":{"start":{"line":3,"column":0},"end":{"line":3,"column":39}},"3":{"start":{"line":4,"column":0},"end":{"line":4,"column":38}},"4":{"start":{"line":5,"column":0},"end":{"line":5,"column":0}},"5":{"start":{"line":6,"column":0},"end":{"line":6,"column":3}},"6":{"start":{"line":7,"column":0},"end":{"line":7,"column":89}},"7":{"start":{"line":8,"column":0},"end":{"line":8,"column":34}},"8":{"start":{"line":9,"column":0},"end":{"line":9,"column":89}},"9":{"start":{"line":10,"column":0},"end":{"line":10,"column":3}},"10":{"start":{"line":11,"column":0},"end":{"line":11,"column":22}},"11":{"start":{"line":12,"column":0},"end":{"line":12,"column":49}},"12":{"start":{"line":13,"column":0},"end":{"line":13,"column":62}},"13":{"start":{"line":14,"column":0},"end":{"line":14,"column":2}}},"s":{"0":1,"1":1,"2":1,"3":1,"4":1,"5":1,"6":1,"7":1,"8":1,"9":1,"10":1,"11":1,"12":1,"13":1},"branchMap":{"0":{"type":"branch","line":11,"loc":{"start":{"line":11,"column":15},"end":{"line":14,"column":2}},"locations":[{"start":{"line":11,"column":15},"end":{"line":14,"column":2}}]},"1":{"type":"branch","line":13,"loc":{"start":{"line":13,"column":9},"end":{"line":13,"column":62}},"locations":[{"start":{"line":13,"column":9},"end":{"line":13,"column":62}}]}},"b":{"0":[1],"1":[1]},"fnMap":{"0":{"name":"__vite_ssr_exports__.default","decl":{"start":{"line":11,"column":15},"end":{"line":14,"column":2}},"loc":{"start":{"line":11,"column":15},"end":{"line":14,"column":2}},"line":11}},"f":{"0":1}}
}
